#
# A fatal error has been detected by the Java Runtime Environment:
#
#  EXCEPTION_ACCESS_VIOLATION (0xc0000005) at pc=0x00000000035ab21e, pid=10248, tid=0x0000000000001088
#
# JRE version: Java(TM) SE Runtime Environment (8.0_131-b11) (build 1.8.0_131-b11)
# Java VM: Java HotSpot(TM) 64-Bit Server VM (25.131-b11 mixed mode windows-amd64 compressed oops)
# Problematic frame:
# J 664 C2 java.util.HashMap.putVal(ILjava/lang/Object;Ljava/lang/Object;ZZ)Ljava/lang/Object; (300 bytes) @ 0x00000000035ab21e [0x00000000035aafc0+0x25e]
#
# Failed to write core dump. Minidumps are not enabled by default on client versions of Windows
#
# If you would like to submit a bug report, please visit:
#   http://bugreport.java.com/bugreport/crash.jsp
#

---------------  T H R E A D  ---------------

Current thread (0x00000000031ad800):  JavaThread "main" [_thread_in_Java, id=4232, stack(0x0000000002fe0000,0x00000000030e0000)]

siginfo: ExceptionCode=0xc0000005, writing address 0x0000000003caf839

Registers:
RAX=0x0000000795f072a8, RBX=0x00000000e4591d8b, RCX=0x00000000e4591d8b, RDX=0x00000000e4580200
RSP=0x00000000030df230, RBP=0x00000000f2be0e3e, RSI=0x00000007c001c2e8, RDI=0x0000000722c8ec58
R8 =0x0000000000000000, R9 =0x0000000722c8ec58, R10=0x00000000e4580200, R11=0x0000000003caf839
R12=0x000000000ed5a000, R13=0x0000000795f07238, R14=0x0000000000000000, R15=0x00000000031ad800
RIP=0x00000000035ab21e, EFLAGS=0x0000000000010206

Top of Stack: (sp=0x00000000030df230)
0x00000000030df230:   00000000e4591d8b 0000000722c8ec58
0x00000000030df240:   0000000722c01000 0000000100000000
0x00000000030df250:   00000007f80037a3 00000007236062b8
0x00000000030df260:   0000000700000006 00000000000007e0
0x00000000030df270:   00000000000007e0 0000000795f071b0
0x00000000030df280:   00000007c001c2e8 00000000031ad800
0x00000000030df290:   00000000f2be0e3e 00000000035b1d74
0x00000000030df2a0:   0000000723600048 000001f4000000f7
0x00000000030df2b0:   00000007c004adc0 0000000795e107c8
0x00000000030df2c0:   00000007c0038400 0000000795f07160
0x00000000030df2d0:   00000007c001bd18 0000000795f071a0
0x00000000030df2e0:   00000007c0054ab0 00000007c0011338
0x00000000030df2f0:   00000007c0060c50 00000007c004d8a8
0x00000000030df300:   00000007c0060a50 00000007c0060828
0x00000000030df310:   00000007c004d4c0 000000860000009b
0x00000000030df320:   000000000000001b 0000000000000006 

Instructions: (pc=0x00000000035ab21e)
0x00000000035ab1fe:   50 14 44 8b 44 24 18 45 85 c0 0f 85 b7 05 00 00
0x00000000035ab20e:   89 50 14 4c 8b d8 49 c1 eb 09 41 b8 00 a0 d5 0e
0x00000000035ab21e:   47 88 24 18 44 8b 44 24 20 41 81 f8 a3 37 00 f8
0x00000000035ab22e:   0f 85 7d 05 00 00 49 8b c2 48 c1 e0 03 e9 18 ff 


Register to memory mapping:

RAX=0x0000000795f072a8 is an oop
java.util.HashMap$Node 
 - klass: 'java/util/HashMap$Node'
RBX=0x00000000e4591d8b is an unknown value
RCX=0x00000000e4591d8b is an unknown value
RDX=0x00000000e4580200 is an unknown value
RSP=0x00000000030df230 is pointing into the stack for thread: 0x00000000031ad800
RBP=0x00000000f2be0e3e is an unknown value
RSI=0x00000007c001c2e8 is pointing into metadata
RDI=0x0000000722c8ec58 is an oop
java.lang.Integer 
 - klass: 'java/lang/Integer'
R8 =0x0000000000000000 is an unknown value
R9 =0x0000000722c8ec58 is an oop
java.lang.Integer 
 - klass: 'java/lang/Integer'
R10=0x00000000e4580200 is an unknown value
R11=0x0000000003caf839 is an unknown value
R12=0x000000000ed5a000 is an unknown value
R13=0x0000000795f07238 is an oop
[Ljava.util.HashMap$Node; 
 - klass: 'java/util/HashMap$Node'[]
 - length: 16
R14=0x0000000000000000 is an unknown value
R15=0x00000000031ad800 is a thread


Stack: [0x0000000002fe0000,0x00000000030e0000],  sp=0x00000000030df230,  free space=1020k
Native frames: (J=compiled Java code, j=interpreted, Vv=VM code, C=native code)
C  0x00000000035ab21e


---------------  P R O C E S S  ---------------

Java Threads: ( => current thread )
  0x000000001903e800 JavaThread "Service Thread" daemon [_thread_blocked, id=7424, stack(0x000000001ad50000,0x000000001ae50000)]
  0x0000000018ff3000 JavaThread "C1 CompilerThread2" daemon [_thread_blocked, id=2564, stack(0x000000001a850000,0x000000001a950000)]
  0x0000000018fdf000 JavaThread "C2 CompilerThread1" daemon [_thread_blocked, id=15236, stack(0x000000001a750000,0x000000001a850000)]
  0x0000000018fdc800 JavaThread "C2 CompilerThread0" daemon [_thread_blocked, id=5256, stack(0x000000001a650000,0x000000001a750000)]
  0x0000000018fdc000 JavaThread "Attach Listener" daemon [_thread_blocked, id=9804, stack(0x000000001a550000,0x000000001a650000)]
  0x0000000018fe7800 JavaThread "Signal Dispatcher" daemon [_thread_blocked, id=13972, stack(0x000000001a450000,0x000000001a550000)]
  0x0000000018fca000 JavaThread "Finalizer" daemon [_thread_blocked, id=8972, stack(0x000000001a250000,0x000000001a350000)]
  0x0000000018fa8800 JavaThread "Reference Handler" daemon [_thread_blocked, id=14700, stack(0x000000001a150000,0x000000001a250000)]
=>0x00000000031ad800 JavaThread "main" [_thread_in_Java, id=4232, stack(0x0000000002fe0000,0x00000000030e0000)]

Other Threads:
  0x0000000018fa8000 VMThread [stack: 0x000000001a050000,0x000000001a150000] [id=5872]
  0x000000001a9a4800 WatcherThread [stack: 0x000000001afa0000,0x000000001b0a0000] [id=12000]

VM state:not at safepoint (normal execution)

VM Mutex/Monitor currently owned by a thread: None

Heap:
 PSYoungGen      total 623104K, used 352795K [0x000000078b980000, 0x00000007c0000000, 0x00000007c0000000)
  eden space 388096K, 44% used [0x000000078b980000,0x0000000796046e50,0x00000007a3480000)
  from space 235008K, 77% used [0x00000007a3480000,0x00000007ae640000,0x00000007b1a00000)
  to   space 235008K, 0% used [0x00000007b1a80000,0x00000007b1a80000,0x00000007c0000000)
 ParOldGen       total 1717760K, used 1355802K [0x0000000722c00000, 0x000000078b980000, 0x000000078b980000)
  object space 1717760K, 78% used [0x0000000722c00000,0x00000007758068b0,0x000000078b980000)
 Metaspace       used 4387K, capacity 4792K, committed 4992K, reserved 1056768K
  class space    used 491K, capacity 535K, committed 640K, reserved 1048576K

Card table byte_map: [0x0000000012670000,0x0000000012b60000] byte_map_base: 0x000000000ed5a000

Marking Bits: (ParMarkBitMap*) 0x000000006c3bc720
 Begin Bits: [0x00000000132b0000, 0x0000000015a00000)
 End Bits:   [0x0000000015a00000, 0x0000000018150000)

Polling page: 0x00000000017a0000

CodeCache: size=245760Kb used=3668Kb max_used=3681Kb free=242091Kb
 bounds [0x00000000032b0000, 0x0000000003650000, 0x00000000122b0000]
 total_blobs=1006 nmethods=710 adapters=209
 compilation: enabled

Compilation events (10 events):
Event: 51.740 Thread 0x0000000018fdc800  724 %     4       java.util.TimSort::mergeHi @ 191 (732 bytes)
Event: 51.766 Thread 0x0000000018fdc800 nmethod 724% 0x0000000003648250 code [0x0000000003648400, 0x00000000036497e8]
Event: 69.596 Thread 0x0000000018fdc800  725       4       java.util.TimSort::mergeHi (732 bytes)
Event: 69.641 Thread 0x0000000018fdc800 nmethod 725 0x0000000003645e50 code [0x0000000003646000, 0x00000000036475a8]
Event: 76.763 Thread 0x0000000018fdf000  726 %     4       java.util.TimSort::mergeLo @ 153 (659 bytes)
Event: 76.777 Thread 0x0000000018fdc800  727 %     4       java.util.List::sort @ 30 (66 bytes)
Event: 76.782 Thread 0x0000000018fdf000 nmethod 726% 0x000000000364d050 code [0x000000000364d200, 0x000000000364e4e8]
Event: 76.789 Thread 0x0000000018fdc800 nmethod 727% 0x000000000364ab50 code [0x000000000364aca0, 0x000000000364b198]
Event: 80.493 Thread 0x0000000018fdf000  728 %     4       java.util.LinkedList::toArray @ 15 (39 bytes)
Event: 80.498 Thread 0x0000000018fdf000 nmethod 728% 0x0000000003645910 code [0x0000000003645a60, 0x0000000003645d38]

GC Heap History (10 events):
Event: 79.385 GC heap before
{Heap before GC invocations=152 (full 27):
 PSYoungGen      total 617984K, used 494144K [0x000000078b980000, 0x00000007c0000000, 0x00000007c0000000)
  eden space 382464K, 100% used [0x000000078b980000,0x00000007a2f00000,0x00000007a2f00000)
  from space 235520K, 47% used [0x00000007b1900000,0x00000007b8610000,0x00000007bff00000)
  to   space 238080K, 0% used [0x00000007a2f00000,0x00000007a2f00000,0x00000007b1780000)
 ParOldGen       total 1717760K, used 582590K [0x0000000722c00000, 0x000000078b980000, 0x000000078b980000)
  object space 1717760K, 33% used [0x0000000722c00000,0x00000007464ef8a0,0x000000078b980000)
 Metaspace       used 4387K, capacity 4792K, committed 4992K, reserved 1056768K
  class space    used 491K, capacity 535K, committed 640K, reserved 1048576K
Event: 79.476 GC heap after
Heap after GC invocations=152 (full 27):
 PSYoungGen      total 556544K, used 173664K [0x000000078b980000, 0x00000007bfc80000, 0x00000007c0000000)
  eden space 382464K, 0% used [0x000000078b980000,0x000000078b980000,0x00000007a2f00000)
  from space 174080K, 99% used [0x00000007a2f00000,0x00000007ad898000,0x00000007ad900000)
  to   space 235008K, 0% used [0x00000007b1700000,0x00000007b1700000,0x00000007bfc80000)
 ParOldGen       total 1717760K, used 694238K [0x0000000722c00000, 0x000000078b980000, 0x000000078b980000)
  object space 1717760K, 40% used [0x0000000722c00000,0x000000074d1f78a0,0x000000078b980000)
 Metaspace       used 4387K, capacity 4792K, committed 4992K, reserved 1056768K
  class space    used 491K, capacity 535K, committed 640K, reserved 1048576K
}
Event: 79.774 GC heap before
{Heap before GC invocations=153 (full 27):
 PSYoungGen      total 556544K, used 556128K [0x000000078b980000, 0x00000007bfc80000, 0x00000007c0000000)
  eden space 382464K, 100% used [0x000000078b980000,0x00000007a2f00000,0x00000007a2f00000)
  from space 174080K, 99% used [0x00000007a2f00000,0x00000007ad898000,0x00000007ad900000)
  to   space 235008K, 0% used [0x00000007b1700000,0x00000007b1700000,0x00000007bfc80000)
 ParOldGen       total 1717760K, used 694238K [0x0000000722c00000, 0x000000078b980000, 0x000000078b980000)
  object space 1717760K, 40% used [0x0000000722c00000,0x000000074d1f78a0,0x000000078b980000)
 Metaspace       used 4387K, capacity 4792K, committed 4992K, reserved 1056768K
  class space    used 491K, capacity 535K, committed 640K, reserved 1048576K
Event: 79.882 GC heap after
Heap after GC invocations=153 (full 27):
 PSYoungGen      total 620544K, used 181152K [0x000000078b980000, 0x00000007c0000000, 0x00000007c0000000)
  eden space 385536K, 0% used [0x000000078b980000,0x000000078b980000,0x00000007a3200000)
  from space 235008K, 77% used [0x00000007b1700000,0x00000007bc7e8000,0x00000007bfc80000)
  to   space 234496K, 0% used [0x00000007a3200000,0x00000007a3200000,0x00000007b1700000)
 ParOldGen       total 1717760K, used 867950K [0x0000000722c00000, 0x000000078b980000, 0x000000078b980000)
  object space 1717760K, 50% used [0x0000000722c00000,0x0000000757b9b8a0,0x000000078b980000)
 Metaspace       used 4387K, capacity 4792K, committed 4992K, reserved 1056768K
  class space    used 491K, capacity 535K, committed 640K, reserved 1048576K
}
Event: 80.183 GC heap before
{Heap before GC invocations=154 (full 27):
 PSYoungGen      total 620544K, used 566688K [0x000000078b980000, 0x00000007c0000000, 0x00000007c0000000)
  eden space 385536K, 100% used [0x000000078b980000,0x00000007a3200000,0x00000007a3200000)
  from space 235008K, 77% used [0x00000007b1700000,0x00000007bc7e8000,0x00000007bfc80000)
  to   space 234496K, 0% used [0x00000007a3200000,0x00000007a3200000,0x00000007b1700000)
 ParOldGen       total 1717760K, used 867950K [0x0000000722c00000, 0x000000078b980000, 0x000000078b980000)
  object space 1717760K, 50% used [0x0000000722c00000,0x0000000757b9b8a0,0x000000078b980000)
 Metaspace       used 4387K, capacity 4792K, committed 4992K, reserved 1056768K
  class space    used 491K, capacity 535K, committed 640K, reserved 1048576K
Event: 80.291 GC heap after
Heap after GC invocations=154 (full 27):
 PSYoungGen      total 620032K, used 183168K [0x000000078b980000, 0x00000007bfe80000, 0x00000007c0000000)
  eden space 385536K, 0% used [0x000000078b980000,0x000000078b980000,0x00000007a3200000)
  from space 234496K, 78% used [0x00000007a3200000,0x00000007ae4e0000,0x00000007b1700000)
  to   space 233984K, 0% used [0x00000007b1a00000,0x00000007b1a00000,0x00000007bfe80000)
 ParOldGen       total 1717760K, used 1049150K [0x0000000722c00000, 0x000000078b980000, 0x000000078b980000)
  object space 1717760K, 61% used [0x0000000722c00000,0x0000000762c8f8a0,0x000000078b980000)
 Metaspace       used 4387K, capacity 4792K, committed 4992K, reserved 1056768K
  class space    used 491K, capacity 535K, committed 640K, reserved 1048576K
}
Event: 80.681 GC heap before
{Heap before GC invocations=155 (full 27):
 PSYoungGen      total 620032K, used 568704K [0x000000078b980000, 0x00000007bfe80000, 0x00000007c0000000)
  eden space 385536K, 100% used [0x000000078b980000,0x00000007a3200000,0x00000007a3200000)
  from space 234496K, 78% used [0x00000007a3200000,0x00000007ae4e0000,0x00000007b1700000)
  to   space 233984K, 0% used [0x00000007b1a00000,0x00000007b1a00000,0x00000007bfe80000)
 ParOldGen       total 1717760K, used 1049150K [0x0000000722c00000, 0x000000078b980000, 0x000000078b980000)
  object space 1717760K, 61% used [0x0000000722c00000,0x0000000762c8f8a0,0x000000078b980000)
 Metaspace       used 4387K, capacity 4792K, committed 4992K, reserved 1056768K
  class space    used 491K, capacity 535K, committed 640K, reserved 1048576K
Event: 80.771 GC heap after
Heap after GC invocations=155 (full 27):
 PSYoungGen      total 622080K, used 123392K [0x000000078b980000, 0x00000007c0000000, 0x00000007c0000000)
  eden space 388096K, 0% used [0x000000078b980000,0x000000078b980000,0x00000007a3480000)
  from space 233984K, 52% used [0x00000007b1a00000,0x00000007b9280000,0x00000007bfe80000)
  to   space 235008K, 0% used [0x00000007a3480000,0x00000007a3480000,0x00000007b1a00000)
 ParOldGen       total 1717760K, used 1232398K [0x0000000722c00000, 0x000000078b980000, 0x000000078b980000)
  object space 1717760K, 71% used [0x0000000722c00000,0x000000076df838a0,0x000000078b980000)
 Metaspace       used 4387K, capacity 4792K, committed 4992K, reserved 1056768K
  class space    used 491K, capacity 535K, committed 640K, reserved 1048576K
}
Event: 81.075 GC heap before
{Heap before GC invocations=156 (full 27):
 PSYoungGen      total 622080K, used 511488K [0x000000078b980000, 0x00000007c0000000, 0x00000007c0000000)
  eden space 388096K, 100% used [0x000000078b980000,0x00000007a3480000,0x00000007a3480000)
  from space 233984K, 52% used [0x00000007b1a00000,0x00000007b9280000,0x00000007bfe80000)
  to   space 235008K, 0% used [0x00000007a3480000,0x00000007a3480000,0x00000007b1a00000)
 ParOldGen       total 1717760K, used 1232398K [0x0000000722c00000, 0x000000078b980000, 0x000000078b980000)
  object space 1717760K, 71% used [0x0000000722c00000,0x000000076df838a0,0x000000078b980000)
 Metaspace       used 4387K, capacity 4792K, committed 4992K, reserved 1056768K
  class space    used 491K, capacity 535K, committed 640K, reserved 1048576K
Event: 81.178 GC heap after
Heap after GC invocations=156 (full 27):
 PSYoungGen      total 623104K, used 182016K [0x000000078b980000, 0x00000007c0000000, 0x00000007c0000000)
  eden space 388096K, 0% used [0x000000078b980000,0x000000078b980000,0x00000007a3480000)
  from space 235008K, 77% used [0x00000007a3480000,0x00000007ae640000,0x00000007b1a00000)
  to   space 235008K, 0% used [0x00000007b1a80000,0x00000007b1a80000,0x00000007c0000000)
 ParOldGen       total 1717760K, used 1355802K [0x0000000722c00000, 0x000000078b980000, 0x000000078b980000)
  object space 1717760K, 78% used [0x0000000722c00000,0x00000007758068b0,0x000000078b980000)
 Metaspace       used 4387K, capacity 4792K, committed 4992K, reserved 1056768K
  class space    used 491K, capacity 535K, committed 640K, reserved 1048576K
}

Deoptimization events (10 events):
Event: 3.518 Thread 0x00000000031ad800 Uncommon trap: reason=bimorphic action=maybe_recompile pc=0x00000000034af2b4 method=java.util.HashMap.getNode(ILjava/lang/Object;)Ljava/util/HashMap$Node; @ 59
Event: 3.518 Thread 0x00000000031ad800 Uncommon trap: reason=unstable_if action=reinterpret pc=0x00000000034af090 method=java.util.HashMap.getNode(ILjava/lang/Object;)Ljava/util/HashMap$Node; @ 116
Event: 3.518 Thread 0x00000000031ad800 Uncommon trap: reason=bimorphic action=maybe_recompile pc=0x00000000034afa5c method=java.util.HashMap.getNode(ILjava/lang/Object;)Ljava/util/HashMap$Node; @ 59
Event: 3.518 Thread 0x00000000031ad800 Uncommon trap: reason=bimorphic action=maybe_recompile pc=0x00000000034afa5c method=java.util.HashMap.getNode(ILjava/lang/Object;)Ljava/util/HashMap$Node; @ 59
Event: 3.633 Thread 0x00000000031ad800 Uncommon trap: reason=bimorphic action=maybe_recompile pc=0x00000000034d4424 method=java.util.HashMap.getNode(ILjava/lang/Object;)Ljava/util/HashMap$Node; @ 59
Event: 4.668 Thread 0x00000000031ad800 Uncommon trap: reason=unstable_if action=reinterpret pc=0x00000000035412a8 method=java.lang.Integer.valueOf(I)Ljava/lang/Integer; @ 10
Event: 4.671 Thread 0x00000000031ad800 Uncommon trap: reason=unstable_if action=reinterpret pc=0x0000000003513184 method=java.lang.Integer.valueOf(I)Ljava/lang/Integer; @ 10
Event: 4.900 Thread 0x00000000031ad800 Uncommon trap: reason=unstable_if action=reinterpret pc=0x00000000035689ec method=java.util.HashMap.putVal(ILjava/lang/Object;Ljava/lang/Object;ZZ)Ljava/lang/Object; @ 162
Event: 4.900 Thread 0x00000000031ad800 Uncommon trap: reason=unstable_if action=reinterpret pc=0x00000000034a8734 method=java.util.HashMap.resize()[Ljava/util/HashMap$Node; @ 206
Event: 8.134 Thread 0x00000000031ad800 Uncommon trap: reason=bimorphic action=maybe_recompile pc=0x00000000035ab8a0 method=java.util.HashMap.putVal(ILjava/lang/Object;Ljava/lang/Object;ZZ)Ljava/lang/Object; @ 91

Internal exceptions (5 events):
Event: 0.065 Thread 0x00000000031ad800 Exception <a 'java/lang/NoSuchMethodError': Method sun.misc.Unsafe.defineClass(Ljava/lang/String;[BII)Ljava/lang/Class; name or signature does not match> (0x000000078b987ca8) thrown at [C:\re\workspace\8-2-build-windows-amd64-cygwin\jdk8u131\8869\hotspot\
Event: 0.065 Thread 0x00000000031ad800 Exception <a 'java/lang/NoSuchMethodError': Method sun.misc.Unsafe.prefetchRead(Ljava/lang/Object;J)V name or signature does not match> (0x000000078b987f90) thrown at [C:\re\workspace\8-2-build-windows-amd64-cygwin\jdk8u131\8869\hotspot\src\share\vm\prims
Event: 0.124 Thread 0x00000000031ad800 Exception <a 'java/io/FileNotFoundException'> (0x000000078b9da7d0) thrown at [C:\re\workspace\8-2-build-windows-amd64-cygwin\jdk8u131\8869\hotspot\src\share\vm\prims\jni.cpp, line 709]
Event: 0.235 Thread 0x00000000031ad800 Exception <a 'java/lang/NoSuchFieldError': method resolution failed> (0x000000078bbffe08) thrown at [C:\re\workspace\8-2-build-windows-amd64-cygwin\jdk8u131\8869\hotspot\src\share\vm\prims\methodHandles.cpp, line 1146]
Event: 0.238 Thread 0x00000000031ad800 Exception <a 'java/lang/NoSuchFieldError': method resolution failed> (0x000000078bc0d1d8) thrown at [C:\re\workspace\8-2-build-windows-amd64-cygwin\jdk8u131\8869\hotspot\src\share\vm\prims\methodHandles.cpp, line 1146]

Events (10 events):
Event: 79.385 Executing VM operation: ParallelGCFailedAllocation
Event: 79.476 Executing VM operation: ParallelGCFailedAllocation done
Event: 79.774 Executing VM operation: ParallelGCFailedAllocation
Event: 79.882 Executing VM operation: ParallelGCFailedAllocation done
Event: 80.183 Executing VM operation: ParallelGCFailedAllocation
Event: 80.291 Executing VM operation: ParallelGCFailedAllocation done
Event: 80.681 Executing VM operation: ParallelGCFailedAllocation
Event: 80.771 Executing VM operation: ParallelGCFailedAllocation done
Event: 81.075 Executing VM operation: ParallelGCFailedAllocation
Event: 81.178 Executing VM operation: ParallelGCFailedAllocation done


Dynamic libraries:
0x00007ff7a4dd0000 - 0x00007ff7a4e07000 	C:\Program Files\Java\jre1.8.0_131\bin\javaw.exe
0x00007fffa2bc0000 - 0x00007fffa2d9b000 	C:\WINDOWS\SYSTEM32\ntdll.dll
0x00007fffa2a90000 - 0x00007fffa2b3e000 	C:\WINDOWS\System32\KERNEL32.DLL
0x00007fff9f370000 - 0x00007fff9f5b9000 	C:\WINDOWS\System32\KERNELBASE.dll
0x00007fffa0b30000 - 0x00007fffa0bd1000 	C:\WINDOWS\System32\ADVAPI32.dll
0x00007fffa0dc0000 - 0x00007fffa0e5d000 	C:\WINDOWS\System32\msvcrt.dll
0x00007fffa23f0000 - 0x00007fffa2449000 	C:\WINDOWS\System32\sechost.dll
0x00007fffa0270000 - 0x00007fffa0395000 	C:\WINDOWS\System32\RPCRT4.dll
0x00007fffa0120000 - 0x00007fffa026a000 	C:\WINDOWS\System32\USER32.dll
0x00007fff9f770000 - 0x00007fff9f78e000 	C:\WINDOWS\System32\win32u.dll
0x00007fffa2a60000 - 0x00007fffa2a87000 	C:\WINDOWS\System32\GDI32.dll
0x00007fff9ff90000 - 0x00007fffa0118000 	C:\WINDOWS\System32\gdi32full.dll
0x00007fff9fe90000 - 0x00007fff9ff2a000 	C:\WINDOWS\System32\msvcp_win.dll
0x00007fff9f5c0000 - 0x00007fff9f6b6000 	C:\WINDOWS\System32\ucrtbase.dll
0x00007fff932e0000 - 0x00007fff93547000 	C:\WINDOWS\WinSxS\amd64_microsoft.windows.common-controls_6595b64144ccf1df_6.0.15063.0_none_108e4f62dfe5d999\COMCTL32.dll
0x00007fffa25c0000 - 0x00007fffa28b9000 	C:\WINDOWS\System32\combase.dll
0x00007fff9f0e0000 - 0x00007fff9f14a000 	C:\WINDOWS\System32\bcryptPrimitives.dll
0x00007fffa2450000 - 0x00007fffa247d000 	C:\WINDOWS\System32\IMM32.DLL
0x000000006b9e0000 - 0x000000006bab2000 	C:\Program Files\Java\jre1.8.0_131\bin\msvcr100.dll
0x000000006bba0000 - 0x000000006c43c000 	C:\Program Files\Java\jre1.8.0_131\bin\server\jvm.dll
0x00007fffa25b0000 - 0x00007fffa25b8000 	C:\WINDOWS\System32\PSAPI.DLL
0x00007fff8f830000 - 0x00007fff8f839000 	C:\WINDOWS\SYSTEM32\WSOCK32.dll
0x00007fffa0d50000 - 0x00007fffa0dbc000 	C:\WINDOWS\System32\WS2_32.dll
0x00007fff9d4f0000 - 0x00007fff9d513000 	C:\WINDOWS\SYSTEM32\WINMM.dll
0x00007fff90a50000 - 0x00007fff90a5a000 	C:\WINDOWS\SYSTEM32\VERSION.dll
0x00007fff9d4c0000 - 0x00007fff9d4eb000 	C:\WINDOWS\SYSTEM32\WINMMBASE.dll
0x00007fff9f320000 - 0x00007fff9f369000 	C:\WINDOWS\System32\cfgmgr32.dll
0x000000006bb90000 - 0x000000006bb9f000 	C:\Program Files\Java\jre1.8.0_131\bin\verify.dll
0x000000006bb60000 - 0x000000006bb89000 	C:\Program Files\Java\jre1.8.0_131\bin\java.dll
0x000000006bb40000 - 0x000000006bb56000 	C:\Program Files\Java\jre1.8.0_131\bin\zip.dll
0x00007fffa0e60000 - 0x00007fffa2297000 	C:\WINDOWS\System32\SHELL32.dll
0x00007fffa0630000 - 0x00007fffa06da000 	C:\WINDOWS\System32\shcore.dll
0x00007fff9f790000 - 0x00007fff9fe82000 	C:\WINDOWS\System32\windows.storage.dll
0x00007fffa2480000 - 0x00007fffa24d1000 	C:\WINDOWS\System32\shlwapi.dll
0x00007fff9f0a0000 - 0x00007fff9f0b1000 	C:\WINDOWS\System32\kernel.appcore.dll
0x00007fff9f030000 - 0x00007fff9f07c000 	C:\WINDOWS\System32\powrprof.dll
0x00007fff9f080000 - 0x00007fff9f095000 	C:\WINDOWS\System32\profapi.dll
0x000000006bb20000 - 0x000000006bb3a000 	C:\Program Files\Java\jre1.8.0_131\bin\net.dll
0x00007fff9e940000 - 0x00007fff9e99c000 	C:\WINDOWS\system32\mswsock.dll
0x000000006bb00000 - 0x000000006bb11000 	C:\Program Files\Java\jre1.8.0_131\bin\nio.dll
0x00007fff8dd90000 - 0x00007fff8df39000 	C:\WINDOWS\SYSTEM32\dbghelp.dll

VM Arguments:
jvm_args: -Dfile.encoding=UTF-8 
java_command: lolita.Main
java_class_path (initial): C:\Users\savio\Google Drive\git\grafos\lolita\bin
Launcher Type: SUN_STANDARD

Environment Variables:
JAVA_HOME=C:\Program Files\Java\jdk1.8.0_111
PATH=C:/Program Files/Java/jre1.8.0_131/bin/server;C:/Program Files/Java/jre1.8.0_131/bin;C:/Program Files/Java/jre1.8.0_131/lib/amd64;C:\Program Files\ImageMagick-7.0.5-Q16;C:\ProgramData\Oracle\Java\javapath;C:\Program Files\Java\jdk1.8.0_111\bin;C:\Program Files (x86)\Windows Kits\10\Windows Performance Toolkit\;C:\Program Files\Microsoft SQL Server\130\Tools\Binn\;/usr/sbin;C:\WINDOWS;C:\WINDOWS\system32;C:\Users\savio\Downloads\apache-maven-3.5.0-bin\apache-maven-3.5.0\bin;C:\Users\savio\Downloads\agenda\protoc-3.2.0-win32\bin;C:\Users\savio\Downloads\gradle-3.5-bin\gradle-3.5\bin;C:\WINDOWS\system32;C:\WINDOWS;C:\WINDOWS\System32\Wbem;C:\WINDOWS\System32\WindowsPowerShell\v1.0\;C:\Program Files\Java\jdk1.8.0_111\lib;C:\Python27;C:\Program Files\Git\bin;C:\Python27\Scripts;C:\Program Files\PostgreSQL\9.6\bin;C:\Users\savio\Desktop\parsec-3.0\parsec-3.0\bin;C:\Program Files\MiKTeX 2.9\miktex\bin\x64\;C:\Users\savio\AppData\Local\Microsoft\WindowsApps;C:\Program Files (x86)\Microsoft VS Code\bin;C:\Users\savio\AppData\Roaming\Dashlane\4.7.2.30899\bin\Firefox_Extension\{442718d9-475e-452a-b3e1-fb1ee16b8e9f}\components;C:\Users\savio\AppData\Roaming\Dashlane\4.7.2.30899\ucrt;C:\Users\savio\AppData\Local\atom\bin;C:\Users\savio\AppData\Roaming\Dashlane\4.8.0.32091\bin\Firefox_Extension\{442718d9-475e-452a-b3e1-fb1ee16b8e9f}\components;C:\Users\savio\AppData\Roaming\Dashlane\4.8.0.32091\ucrt;C:\WINDOWS\system32;
USERNAME=savio
OS=Windows_NT
PROCESSOR_IDENTIFIER=Intel64 Family 6 Model 58 Stepping 9, GenuineIntel



---------------  S Y S T E M  ---------------

OS: Windows 10.0 , 64 bit Build 15063 (10.0.15063.296)

CPU:total 4 (initial active 4) (2 cores per cpu, 2 threads per core) family 6 model 58 stepping 9, cmov, cx8, fxsr, mmx, sse, sse2, sse3, ssse3, sse4.1, sse4.2, popcnt, avx, aes, clmul, erms, ht, tsc, tscinvbit, tscinv

Memory: 4k page, physical 10298472k(1316872k free), swap 20784232k(7416992k free)

vm_info: Java HotSpot(TM) 64-Bit Server VM (25.131-b11) for windows-amd64 JRE (1.8.0_131-b11), built on Mar 15 2017 01:23:53 by "java_re" with MS VC++ 10.0 (VS2010)

time: Mon Jun 19 22:12:29 2017
elapsed time: 81 seconds (0d 0h 1m 21s)

